<?xml version="1.0" encoding="UTF-8"?>
<!-- Generated by org.testng.reporters.JUnitXMLReporter -->
<testsuite ignored="0" hostname="DESKTOP-SAQ53MG" failures="0" tests="2" name="Surefire test" time="11.553" errors="0" timestamp="2024-12-03T20:40:07 IST">
  <testcase classname="rahulshettyacademy.test.ErrorValidationTest" name="LoginErrorValidation" time="0.46"/>
  <testcase classname="rahulshettyacademy.test.ErrorValidationTest" name="ProductErrorValidation" time="4.461"/>
</testsuite> <!-- Surefire test -->
