<?xml version="1.0" encoding="UTF-8"?>
<!-- Generated by org.testng.reporters.JUnitXMLReporter -->
<testsuite ignored="0" hostname="DESKTOP-SAQ53MG" failures="0" tests="3" name="SubmitOrderTest1" time="32.933" errors="0" timestamp="2024-11-28T19:13:23 IST">
  <testcase classname="rahulshettyacademy.test.SubmitOrderTest1" name="submitOrder" time="6.439"/>
  <testcase classname="rahulshettyacademy.test.SubmitOrderTest1" name="submitOrder" time="9.21"/>
  <testcase classname="rahulshettyacademy.test.SubmitOrderTest1" name="orderHistryTest" time="1.438"/>
</testsuite> <!-- SubmitOrderTest1 -->
