<?xml version="1.0" encoding="UTF-8"?>
<!-- Generated by org.testng.reporters.JUnitXMLReporter -->
<testsuite ignored="0" hostname="DESKTOP-SAQ53MG" failures="1" tests="2" name="Test" time="21.38" errors="0" timestamp="2024-11-23T18:37:29 IST">
  <testcase classname="rahulshettyacademy.test.SubmitOrderTest1" name="submitOrder" time="6.612"/>
  <testcase classname="rahulshettyacademy.test.ErrorValidationTest" name="LoginErrorValidation" time="3.291">
    <failure type="java.lang.AssertionError" message="expected [Incorrect email or password.] but found [Incorrect email &amp;amp; password]">
      <![CDATA[java.lang.AssertionError: expected [Incorrect email or password.] but found [Incorrect email & password]
at rahulshettyacademy.test.ErrorValidationTest.LoginErrorValidation(ErrorValidationTest.java:25)
at java.base/java.util.ArrayList.forEach(ArrayList.java:1511)
... Removed 33 stack frames]]>
    </failure>
  </testcase> <!-- LoginErrorValidation -->
</testsuite> <!-- Test -->
