<?xml version="1.0" encoding="UTF-8"?>
<!-- Generated by org.testng.reporters.JUnitXMLReporter -->
<testsuite ignored="0" hostname="DESKTOP-SAQ53MG" failures="0" tests="2" name="ErrorValidationTest" time="0.106" errors="0" timestamp="2024-12-03T20:37:00 IST">
  <testcase classname="rahulshettyacademy.test.ErrorValidationTest" name="LoginErrorValidation" time="0.0">
    <skipped/>
  </testcase> <!-- LoginErrorValidation -->
  <testcase classname="rahulshettyacademy.test.ErrorValidationTest" name="ProductErrorValidation" time="0.001">
    <skipped/>
  </testcase> <!-- ProductErrorValidation -->
</testsuite> <!-- ErrorValidationTest -->
