<?xml version="1.0" encoding="UTF-8"?>
<testng-results ignored="0" total="2" passed="2" failed="0" skipped="0">
  <reporter-output>
  </reporter-output>
  <suite started-at="2024-12-03T20:39:55 IST" name="Surefire suite" finished-at="2024-12-03T20:40:07 IST" duration-ms="11553">
    <groups>
      <group name="ErrorHandling">
        <method signature="ErrorValidationTest.LoginErrorValidation()[pri:0, instance:rahulshettyacademy.test.ErrorValidationTest@60d8c9b7]" name="LoginErrorValidation" class="rahulshettyacademy.test.ErrorValidationTest"/>
      </group> <!-- ErrorHandling -->
    </groups>
    <test started-at="2024-12-03T20:39:55 IST" name="Surefire test" finished-at="2024-12-03T20:40:07 IST" duration-ms="11553">
      <class name="rahulshettyacademy.test.ErrorValidationTest">
        <test-method is-config="true" signature="launchApplication()[pri:0, instance:rahulshettyacademy.test.ErrorValidationTest@60d8c9b7]" started-at="2024-12-03T20:39:55 IST" name="launchApplication" finished-at="2024-12-03T20:39:59 IST" duration-ms="4071" status="PASS">
          <reporter-output>
          </reporter-output>
        </test-method> <!-- launchApplication -->
        <test-method signature="LoginErrorValidation()[pri:0, instance:rahulshettyacademy.test.ErrorValidationTest@60d8c9b7]" started-at="2024-12-03T20:39:59 IST" name="LoginErrorValidation" finished-at="2024-12-03T20:40:00 IST" duration-ms="460" status="PASS">
          <reporter-output>
          </reporter-output>
        </test-method> <!-- LoginErrorValidation -->
        <test-method is-config="true" signature="tearDown()[pri:0, instance:rahulshettyacademy.test.ErrorValidationTest@60d8c9b7]" started-at="2024-12-03T20:40:00 IST" name="tearDown" finished-at="2024-12-03T20:40:00 IST" duration-ms="139" status="PASS">
          <reporter-output>
          </reporter-output>
        </test-method> <!-- tearDown -->
        <test-method is-config="true" signature="launchApplication()[pri:0, instance:rahulshettyacademy.test.ErrorValidationTest@60d8c9b7]" started-at="2024-12-03T20:40:00 IST" name="launchApplication" finished-at="2024-12-03T20:40:02 IST" duration-ms="2229" status="PASS">
          <reporter-output>
          </reporter-output>
        </test-method> <!-- launchApplication -->
        <test-method signature="ProductErrorValidation()[pri:0, instance:rahulshettyacademy.test.ErrorValidationTest@60d8c9b7]" started-at="2024-12-03T20:40:02 IST" name="ProductErrorValidation" finished-at="2024-12-03T20:40:06 IST" duration-ms="4461" status="PASS">
          <reporter-output>
          </reporter-output>
        </test-method> <!-- ProductErrorValidation -->
        <test-method is-config="true" signature="tearDown()[pri:0, instance:rahulshettyacademy.test.ErrorValidationTest@60d8c9b7]" started-at="2024-12-03T20:40:06 IST" name="tearDown" finished-at="2024-12-03T20:40:07 IST" duration-ms="149" status="PASS">
          <reporter-output>
          </reporter-output>
        </test-method> <!-- tearDown -->
      </class> <!-- rahulshettyacademy.test.ErrorValidationTest -->
    </test> <!-- Surefire test -->
  </suite> <!-- Surefire suite -->
</testng-results>
